<?xml version="1.0" encoding="UTF-8"?>
<!-- Generated by org.testng.reporters.JUnitXMLReporter -->
<testsuite hostname="DESKTOP-CM899S2" name="Test" tests="2" failures="0" timestamp="21 Apr 2018 22:08:22 GMT" time="19.402" errors="0">
  <testcase name="@BeforeTest startBrowser" time="0.0" classname="TestAutomation.TestAutomationByWD.AppTest">
    <failure type="org.openqa.selenium.WebDriverException" message="Reached error page: about:neterror?e=dnsNotFound&amp;amp;u=https%3A//vk.com/&amp;amp;c=UTF-8&amp;amp;f=regular&amp;amp;d=Firefox%20%D0%BD%D0%B5%20%D0%BC%D0%BE%D0%B6%D0%B5%D1%82%20%D0%BD%D0%B0%D0%B9%D1%82%D0%B8%20%D1%81%D0%B5%D1%80%D0%B2%D0%B5%D1%80%20vk.com.
Build info: version: &amp;apos;3.6.0&amp;apos;, revision: &amp;apos;6fbf3ec767&amp;apos;, time: &amp;apos;2017-09-27T15:28:36.4Z&amp;apos;
System info: host: &amp;apos;DESKTOP-CM899S2&amp;apos;, ip: &amp;apos;127.0.0.1&amp;apos;, os.name: &amp;apos;Windows 10&amp;apos;, os.arch: &amp;apos;amd64&amp;apos;, os.version: &amp;apos;10.0&amp;apos;, java.version: &amp;apos;1.8.0_144&amp;apos;
Driver info: org.openqa.selenium.firefox.FirefoxDriver
Capabilities [{moz:profile=C:\Users\User\AppData\Local\Temp\rust_mozprofile.v8SP56eGP40s, rotatable=false, timeouts={implicit=0, pageLoad=300000, script=30000}, pageLoadStrategy=normal, moz:headless=false, platform=XP, specificationLevel=0, moz:accessibilityChecks=false, acceptInsecureCerts=true, browserVersion=56.0, platformVersion=10.0, moz:processID=2716, browserName=firefox, javascriptEnabled=true, platformName=XP}]
Session ID: 72b8d6dd-0799-46ed-a12b-75c93f5a92d0">
      <![CDATA[org.openqa.selenium.WebDriverException: Reached error page: about:neterror?e=dnsNotFound&u=https%3A//vk.com/&c=UTF-8&f=regular&d=Firefox%20%D0%BD%D0%B5%20%D0%BC%D0%BE%D0%B6%D0%B5%D1%82%20%D0%BD%D0%B0%D0%B9%D1%82%D0%B8%20%D1%81%D0%B5%D1%80%D0%B2%D0%B5%D1%80%20vk.com.
Build info: version: '3.6.0', revision: '6fbf3ec767', time: '2017-09-27T15:28:36.4Z'
System info: host: 'DESKTOP-CM899S2', ip: '127.0.0.1', os.name: 'Windows 10', os.arch: 'amd64', os.version: '10.0', java.version: '1.8.0_144'
Driver info: org.openqa.selenium.firefox.FirefoxDriver
Capabilities [{moz:profile=C:\Users\User\AppData\Local\Temp\rust_mozprofile.v8SP56eGP40s, rotatable=false, timeouts={implicit=0, pageLoad=300000, script=30000}, pageLoadStrategy=normal, moz:headless=false, platform=XP, specificationLevel=0, moz:accessibilityChecks=false, acceptInsecureCerts=true, browserVersion=56.0, platformVersion=10.0, moz:processID=2716, browserName=firefox, javascriptEnabled=true, platformName=XP}]
Session ID: 72b8d6dd-0799-46ed-a12b-75c93f5a92d0
	at org.openqa.selenium.remote.http.W3CHttpResponseCodec.createException(W3CHttpResponseCodec.java:185)
	at org.openqa.selenium.remote.http.W3CHttpResponseCodec.decode(W3CHttpResponseCodec.java:120)
	at org.openqa.selenium.remote.http.W3CHttpResponseCodec.decode(W3CHttpResponseCodec.java:49)
	at org.openqa.selenium.remote.HttpCommandExecutor.execute(HttpCommandExecutor.java:164)
	at org.openqa.selenium.remote.service.DriverCommandExecutor.execute(DriverCommandExecutor.java:83)
	at org.openqa.selenium.remote.RemoteWebDriver.execute(RemoteWebDriver.java:586)
	at org.openqa.selenium.remote.RemoteWebDriver.get(RemoteWebDriver.java:310)
	at TestAutomation.TestAutomationByWD.AppTest.navigate(AppTest.java:48)
	at TestAutomation.TestAutomationByWD.AppTest.startBrowser(AppTest.java:42)
... Removed 26 stack frames]]>
    </failure>
  </testcase> <!-- @BeforeTest startBrowser -->
  <testcase name="@AfterTest quit" time="0.0" classname="TestAutomation.TestAutomationByWD.AppTest">
    <skipped/>
  </testcase> <!-- @AfterTest quit -->
  <testcase name="botForDiman on null(TestAutomation.TestAutomationByWD.AppTest)" time="0.001" classname="TestAutomation.TestAutomationByWD.AppTest">
    <skipped/>
  </testcase> <!-- botForDiman on null(TestAutomation.TestAutomationByWD.AppTest) -->
  <testcase name="login on null(TestAutomation.TestAutomationByWD.AppTest)" time="0.001" classname="TestAutomation.TestAutomationByWD.AppTest">
    <skipped/>
  </testcase> <!-- login on null(TestAutomation.TestAutomationByWD.AppTest) -->
</testsuite> <!-- Test -->
